[2024-12-18T18:46:31.715+0000] {local_task_job_runner.py:123} INFO - ::group::Pre task execution logs
[2024-12-18T18:46:31.728+0000] {taskinstance.py:2613} INFO - Dependencies all met for dep_context=non-requeueable deps ti=<TaskInstance: fintech_etl_pipeline.transform manual__2024-12-18T18:46:27.190606+00:00 [queued]>
[2024-12-18T18:46:31.735+0000] {taskinstance.py:2613} INFO - Dependencies all met for dep_context=requeueable deps ti=<TaskInstance: fintech_etl_pipeline.transform manual__2024-12-18T18:46:27.190606+00:00 [queued]>
[2024-12-18T18:46:31.736+0000] {taskinstance.py:2866} INFO - Starting attempt 1 of 2
[2024-12-18T18:46:31.751+0000] {taskinstance.py:2889} INFO - Executing <Task(PythonOperator): transform> on 2024-12-18 18:46:27.190606+00:00
[2024-12-18T18:46:31.758+0000] {warnings.py:112} WARNING - /home/***/.local/lib/python3.12/site-packages/***/task/task_runner/standard_task_runner.py:70: DeprecationWarning: This process (pid=153) is multi-threaded, use of fork() may lead to deadlocks in the child.
  pid = os.fork()

[2024-12-18T18:46:31.760+0000] {standard_task_runner.py:72} INFO - Started process 166 to run task
[2024-12-18T18:46:31.760+0000] {standard_task_runner.py:104} INFO - Running: ['***', 'tasks', 'run', 'fintech_etl_pipeline', 'transform', 'manual__2024-12-18T18:46:27.190606+00:00', '--job-id', '7', '--raw', '--subdir', 'DAGS_FOLDER/fintech_dag.py', '--cfg-path', '/tmp/tmp3dt8kp3y']
[2024-12-18T18:46:31.762+0000] {standard_task_runner.py:105} INFO - Job 7: Subtask transform
[2024-12-18T18:46:31.807+0000] {task_command.py:467} INFO - Running <TaskInstance: fintech_etl_pipeline.transform manual__2024-12-18T18:46:27.190606+00:00 [running]> on host 993485f5f090
[2024-12-18T18:46:31.872+0000] {taskinstance.py:3132} INFO - Exporting env vars: AIRFLOW_CTX_DAG_OWNER='data_engineering_team' AIRFLOW_CTX_DAG_ID='fintech_etl_pipeline' AIRFLOW_CTX_TASK_ID='transform' AIRFLOW_CTX_EXECUTION_DATE='2024-12-18T18:46:27.190606+00:00' AIRFLOW_CTX_TRY_NUMBER='1' AIRFLOW_CTX_DAG_RUN_ID='manual__2024-12-18T18:46:27.190606+00:00'
[2024-12-18T18:46:31.873+0000] {taskinstance.py:731} INFO - ::endgroup::
[2024-12-18T18:46:32.011+0000] {logging_mixin.py:190} INFO - Lower Bound: -10890.625
[2024-12-18T18:46:32.013+0000] {logging_mixin.py:190} INFO - Upper Bound: 39484.375
[2024-12-18T18:46:32.015+0000] {logging_mixin.py:190} INFO - Lower Bound: -10890.625
[2024-12-18T18:46:32.016+0000] {logging_mixin.py:190} INFO - Upper Bound: 39484.375
[2024-12-18T18:46:38.611+0000] {logging_mixin.py:190} INFO - file already exists
[2024-12-18T18:46:38.614+0000] {python.py:240} INFO - Done. Returned value was: None
[2024-12-18T18:46:38.626+0000] {taskinstance.py:340} INFO - ::group::Post task execution logs
[2024-12-18T18:46:38.627+0000] {taskinstance.py:352} INFO - Marking task as SUCCESS. dag_id=fintech_etl_pipeline, task_id=transform, run_id=manual__2024-12-18T18:46:27.190606+00:00, execution_date=20241218T184627, start_date=20241218T184631, end_date=20241218T184638
[2024-12-18T18:46:38.666+0000] {local_task_job_runner.py:266} INFO - Task exited with return code 0
[2024-12-18T18:46:38.675+0000] {local_task_job_runner.py:245} INFO - ::endgroup::
