[2024-12-18T19:27:21.069+0000] {local_task_job_runner.py:123} INFO - ::group::Pre task execution logs
[2024-12-18T19:27:21.244+0000] {taskinstance.py:2613} INFO - Dependencies all met for dep_context=non-requeueable deps ti=<TaskInstance: fintech_etl_pipeline.extract_clean manual__2024-12-18T19:27:12.612495+00:00 [queued]>
[2024-12-18T19:27:21.315+0000] {taskinstance.py:2613} INFO - Dependencies all met for dep_context=requeueable deps ti=<TaskInstance: fintech_etl_pipeline.extract_clean manual__2024-12-18T19:27:12.612495+00:00 [queued]>
[2024-12-18T19:27:21.319+0000] {taskinstance.py:2866} INFO - Starting attempt 1 of 2
[2024-12-18T19:27:21.401+0000] {taskinstance.py:2889} INFO - Executing <Task(PythonOperator): extract_clean> on 2024-12-18 19:27:12.612495+00:00
[2024-12-18T19:27:21.465+0000] {warnings.py:112} WARNING - /home/***/.local/lib/python3.12/site-packages/***/task/task_runner/standard_task_runner.py:70: DeprecationWarning: This process (pid=93) is multi-threaded, use of fork() may lead to deadlocks in the child.
  pid = os.fork()

[2024-12-18T19:27:21.492+0000] {standard_task_runner.py:72} INFO - Started process 106 to run task
[2024-12-18T19:27:21.486+0000] {standard_task_runner.py:104} INFO - Running: ['***', 'tasks', 'run', 'fintech_etl_pipeline', 'extract_clean', 'manual__2024-12-18T19:27:12.612495+00:00', '--job-id', '19', '--raw', '--subdir', 'DAGS_FOLDER/fintech_dag.py', '--cfg-path', '/tmp/tmpl3vgtqce']
[2024-12-18T19:27:21.505+0000] {standard_task_runner.py:105} INFO - Job 19: Subtask extract_clean
[2024-12-18T19:27:21.786+0000] {task_command.py:467} INFO - Running <TaskInstance: fintech_etl_pipeline.extract_clean manual__2024-12-18T19:27:12.612495+00:00 [running]> on host 3053742118dc
[2024-12-18T19:27:22.327+0000] {taskinstance.py:3132} INFO - Exporting env vars: AIRFLOW_CTX_DAG_OWNER='data_engineering_team' AIRFLOW_CTX_DAG_ID='fintech_etl_pipeline' AIRFLOW_CTX_TASK_ID='extract_clean' AIRFLOW_CTX_EXECUTION_DATE='2024-12-18T19:27:12.612495+00:00' AIRFLOW_CTX_TRY_NUMBER='1' AIRFLOW_CTX_DAG_RUN_ID='manual__2024-12-18T19:27:12.612495+00:00'
[2024-12-18T19:27:22.336+0000] {taskinstance.py:731} INFO - ::endgroup::
[2024-12-18T19:27:23.947+0000] {warnings.py:112} WARNING - /opt/***/dags/functions.py:69: FutureWarning: The default of observed=False is deprecated and will be changed to True in a future version of pandas. Pass observed=False to retain current behavior or observed=True to adopt the future default and silence this warning.
  df[column_to_impute] = df.groupby(group_by_column)[column_to_impute].transform(

[2024-12-18T19:27:24.111+0000] {warnings.py:112} WARNING - /opt/***/dags/functions.py:74: FutureWarning: The default of observed=False is deprecated and will be changed to True in a future version of pandas. Pass observed=False to retain current behavior or observed=True to adopt the future default and silence this warning.
  df[column_to_impute] = df.groupby(group_by_column)[column_to_impute].transform(

[2024-12-18T19:27:26.030+0000] {logging_mixin.py:190} INFO - loaded after cleaning succesfully
[2024-12-18T19:27:26.048+0000] {python.py:240} INFO - Done. Returned value was: None
[2024-12-18T19:27:26.090+0000] {taskinstance.py:340} INFO - ::group::Post task execution logs
[2024-12-18T19:27:26.093+0000] {taskinstance.py:352} INFO - Marking task as SUCCESS. dag_id=fintech_etl_pipeline, task_id=extract_clean, run_id=manual__2024-12-18T19:27:12.612495+00:00, execution_date=20241218T192712, start_date=20241218T192721, end_date=20241218T192726
[2024-12-18T19:27:26.223+0000] {local_task_job_runner.py:266} INFO - Task exited with return code 0
[2024-12-18T19:27:26.369+0000] {taskinstance.py:3895} INFO - 1 downstream tasks scheduled from follow-on schedule check
[2024-12-18T19:27:26.378+0000] {local_task_job_runner.py:245} INFO - ::endgroup::
