[2024-12-18T21:17:21.370+0000] {local_task_job_runner.py:123} INFO - ::group::Pre task execution logs
[2024-12-18T21:17:21.388+0000] {taskinstance.py:2613} INFO - Dependencies all met for dep_context=non-requeueable deps ti=<TaskInstance: fintech_etl_pipeline.transform manual__2024-12-18T21:17:15.394316+00:00 [queued]>
[2024-12-18T21:17:21.397+0000] {taskinstance.py:2613} INFO - Dependencies all met for dep_context=requeueable deps ti=<TaskInstance: fintech_etl_pipeline.transform manual__2024-12-18T21:17:15.394316+00:00 [queued]>
[2024-12-18T21:17:21.398+0000] {taskinstance.py:2866} INFO - Starting attempt 1 of 2
[2024-12-18T21:17:21.413+0000] {taskinstance.py:2889} INFO - Executing <Task(PythonOperator): transform> on 2024-12-18 21:17:15.394316+00:00
[2024-12-18T21:17:21.422+0000] {warnings.py:112} WARNING - /home/***/.local/lib/python3.12/site-packages/***/task/task_runner/standard_task_runner.py:70: DeprecationWarning: This process (pid=1297) is multi-threaded, use of fork() may lead to deadlocks in the child.
  pid = os.fork()

[2024-12-18T21:17:21.424+0000] {standard_task_runner.py:72} INFO - Started process 1310 to run task
[2024-12-18T21:17:21.424+0000] {standard_task_runner.py:104} INFO - Running: ['***', 'tasks', 'run', 'fintech_etl_pipeline', 'transform', 'manual__2024-12-18T21:17:15.394316+00:00', '--job-id', '25', '--raw', '--subdir', 'DAGS_FOLDER/fintech_dag.py', '--cfg-path', '/tmp/tmp6b2sb0jx']
[2024-12-18T21:17:21.426+0000] {standard_task_runner.py:105} INFO - Job 25: Subtask transform
[2024-12-18T21:17:21.483+0000] {task_command.py:467} INFO - Running <TaskInstance: fintech_etl_pipeline.transform manual__2024-12-18T21:17:15.394316+00:00 [running]> on host 3053742118dc
[2024-12-18T21:17:21.567+0000] {taskinstance.py:3132} INFO - Exporting env vars: AIRFLOW_CTX_DAG_OWNER='data_engineering_team' AIRFLOW_CTX_DAG_ID='fintech_etl_pipeline' AIRFLOW_CTX_TASK_ID='transform' AIRFLOW_CTX_EXECUTION_DATE='2024-12-18T21:17:15.394316+00:00' AIRFLOW_CTX_TRY_NUMBER='1' AIRFLOW_CTX_DAG_RUN_ID='manual__2024-12-18T21:17:15.394316+00:00'
[2024-12-18T21:17:21.569+0000] {taskinstance.py:731} INFO - ::endgroup::
[2024-12-18T21:17:21.719+0000] {logging_mixin.py:190} INFO - Lower Bound: -10890.625
[2024-12-18T21:17:21.720+0000] {logging_mixin.py:190} INFO - Upper Bound: 39484.375
[2024-12-18T21:17:21.723+0000] {logging_mixin.py:190} INFO - Lower Bound: -10890.625
[2024-12-18T21:17:21.724+0000] {logging_mixin.py:190} INFO - Upper Bound: 39484.375
[2024-12-18T21:17:26.996+0000] {logging_mixin.py:190} INFO - file already exists
[2024-12-18T21:17:26.999+0000] {python.py:240} INFO - Done. Returned value was: None
[2024-12-18T21:17:27.013+0000] {taskinstance.py:340} INFO - ::group::Post task execution logs
[2024-12-18T21:17:27.014+0000] {taskinstance.py:352} INFO - Marking task as SUCCESS. dag_id=fintech_etl_pipeline, task_id=transform, run_id=manual__2024-12-18T21:17:15.394316+00:00, execution_date=20241218T211715, start_date=20241218T211721, end_date=20241218T211727
[2024-12-18T21:17:27.037+0000] {local_task_job_runner.py:266} INFO - Task exited with return code 0
[2024-12-18T21:17:27.058+0000] {taskinstance.py:3895} INFO - 1 downstream tasks scheduled from follow-on schedule check
[2024-12-18T21:17:27.063+0000] {local_task_job_runner.py:245} INFO - ::endgroup::
