[2024-12-19T18:24:19.477+0000] {local_task_job_runner.py:123} INFO - ::group::Pre task execution logs
[2024-12-19T18:24:19.494+0000] {taskinstance.py:2613} INFO - Dependencies all met for dep_context=non-requeueable deps ti=<TaskInstance: fintech_etl_pipeline.extract_clean manual__2024-12-19T18:24:15.930870+00:00 [queued]>
[2024-12-19T18:24:19.503+0000] {taskinstance.py:2613} INFO - Dependencies all met for dep_context=requeueable deps ti=<TaskInstance: fintech_etl_pipeline.extract_clean manual__2024-12-19T18:24:15.930870+00:00 [queued]>
[2024-12-19T18:24:19.504+0000] {taskinstance.py:2866} INFO - Starting attempt 1 of 2
[2024-12-19T18:24:19.514+0000] {taskinstance.py:2889} INFO - Executing <Task(PythonOperator): extract_clean> on 2024-12-19 18:24:15.930870+00:00
[2024-12-19T18:24:19.521+0000] {warnings.py:112} WARNING - /home/***/.local/lib/python3.12/site-packages/***/task/task_runner/standard_task_runner.py:70: DeprecationWarning: This process (pid=79) is multi-threaded, use of fork() may lead to deadlocks in the child.
  pid = os.fork()

[2024-12-19T18:24:19.523+0000] {standard_task_runner.py:72} INFO - Started process 92 to run task
[2024-12-19T18:24:19.523+0000] {standard_task_runner.py:104} INFO - Running: ['***', 'tasks', 'run', 'fintech_etl_pipeline', 'extract_clean', 'manual__2024-12-19T18:24:15.930870+00:00', '--job-id', '33', '--raw', '--subdir', 'DAGS_FOLDER/fintech_dag.py', '--cfg-path', '/tmp/tmpea86joi3']
[2024-12-19T18:24:19.526+0000] {standard_task_runner.py:105} INFO - Job 33: Subtask extract_clean
[2024-12-19T18:24:19.596+0000] {task_command.py:467} INFO - Running <TaskInstance: fintech_etl_pipeline.extract_clean manual__2024-12-19T18:24:15.930870+00:00 [running]> on host 2397727eff2c
[2024-12-19T18:24:19.715+0000] {taskinstance.py:3132} INFO - Exporting env vars: AIRFLOW_CTX_DAG_OWNER='data_engineering_team' AIRFLOW_CTX_DAG_ID='fintech_etl_pipeline' AIRFLOW_CTX_TASK_ID='extract_clean' AIRFLOW_CTX_EXECUTION_DATE='2024-12-19T18:24:15.930870+00:00' AIRFLOW_CTX_TRY_NUMBER='1' AIRFLOW_CTX_DAG_RUN_ID='manual__2024-12-19T18:24:15.930870+00:00'
[2024-12-19T18:24:19.717+0000] {taskinstance.py:731} INFO - ::endgroup::
[2024-12-19T18:24:20.154+0000] {warnings.py:112} WARNING - /opt/***/dags/functions.py:69: FutureWarning: The default of observed=False is deprecated and will be changed to True in a future version of pandas. Pass observed=False to retain current behavior or observed=True to adopt the future default and silence this warning.
  df[column_to_impute] = df.groupby(group_by_column)[column_to_impute].transform(

[2024-12-19T18:24:20.179+0000] {warnings.py:112} WARNING - /opt/***/dags/functions.py:74: FutureWarning: The default of observed=False is deprecated and will be changed to True in a future version of pandas. Pass observed=False to retain current behavior or observed=True to adopt the future default and silence this warning.
  df[column_to_impute] = df.groupby(group_by_column)[column_to_impute].transform(

[2024-12-19T18:24:20.537+0000] {logging_mixin.py:190} INFO - loaded after cleaning succesfully
[2024-12-19T18:24:20.540+0000] {python.py:240} INFO - Done. Returned value was: None
[2024-12-19T18:24:20.548+0000] {taskinstance.py:340} INFO - ::group::Post task execution logs
[2024-12-19T18:24:20.549+0000] {taskinstance.py:352} INFO - Marking task as SUCCESS. dag_id=fintech_etl_pipeline, task_id=extract_clean, run_id=manual__2024-12-19T18:24:15.930870+00:00, execution_date=20241219T182415, start_date=20241219T182419, end_date=20241219T182420
[2024-12-19T18:24:20.583+0000] {local_task_job_runner.py:266} INFO - Task exited with return code 0
[2024-12-19T18:24:20.602+0000] {taskinstance.py:3895} INFO - 1 downstream tasks scheduled from follow-on schedule check
[2024-12-19T18:24:20.606+0000] {local_task_job_runner.py:245} INFO - ::endgroup::
