[2024-12-18T18:46:04.539+0000] {local_task_job_runner.py:123} INFO - ::group::Pre task execution logs
[2024-12-18T18:46:04.557+0000] {taskinstance.py:2613} INFO - Dependencies all met for dep_context=non-requeueable deps ti=<TaskInstance: fintech_etl_pipeline.transform scheduled__2024-12-16T00:00:00+00:00 [queued]>
[2024-12-18T18:46:04.564+0000] {taskinstance.py:2613} INFO - Dependencies all met for dep_context=requeueable deps ti=<TaskInstance: fintech_etl_pipeline.transform scheduled__2024-12-16T00:00:00+00:00 [queued]>
[2024-12-18T18:46:04.565+0000] {taskinstance.py:2866} INFO - Starting attempt 1 of 2
[2024-12-18T18:46:04.577+0000] {taskinstance.py:2889} INFO - Executing <Task(PythonOperator): transform> on 2024-12-16 00:00:00+00:00
[2024-12-18T18:46:04.586+0000] {warnings.py:112} WARNING - /home/***/.local/lib/python3.12/site-packages/***/task/task_runner/standard_task_runner.py:70: DeprecationWarning: This process (pid=101) is multi-threaded, use of fork() may lead to deadlocks in the child.
  pid = os.fork()

[2024-12-18T18:46:04.590+0000] {standard_task_runner.py:72} INFO - Started process 114 to run task
[2024-12-18T18:46:04.588+0000] {standard_task_runner.py:104} INFO - Running: ['***', 'tasks', 'run', 'fintech_etl_pipeline', 'transform', 'scheduled__2024-12-16T00:00:00+00:00', '--job-id', '4', '--raw', '--subdir', 'DAGS_FOLDER/fintech_dag.py', '--cfg-path', '/tmp/tmpydtz9zvm']
[2024-12-18T18:46:04.592+0000] {standard_task_runner.py:105} INFO - Job 4: Subtask transform
[2024-12-18T18:46:04.648+0000] {task_command.py:467} INFO - Running <TaskInstance: fintech_etl_pipeline.transform scheduled__2024-12-16T00:00:00+00:00 [running]> on host 993485f5f090
[2024-12-18T18:46:04.733+0000] {taskinstance.py:3132} INFO - Exporting env vars: AIRFLOW_CTX_DAG_OWNER='data_engineering_team' AIRFLOW_CTX_DAG_ID='fintech_etl_pipeline' AIRFLOW_CTX_TASK_ID='transform' AIRFLOW_CTX_EXECUTION_DATE='2024-12-16T00:00:00+00:00' AIRFLOW_CTX_TRY_NUMBER='1' AIRFLOW_CTX_DAG_RUN_ID='scheduled__2024-12-16T00:00:00+00:00'
[2024-12-18T18:46:04.735+0000] {taskinstance.py:731} INFO - ::endgroup::
[2024-12-18T18:46:04.905+0000] {logging_mixin.py:190} INFO - Lower Bound: -10890.625
[2024-12-18T18:46:04.906+0000] {logging_mixin.py:190} INFO - Upper Bound: 39484.375
[2024-12-18T18:46:04.909+0000] {logging_mixin.py:190} INFO - Lower Bound: -10890.625
[2024-12-18T18:46:04.910+0000] {logging_mixin.py:190} INFO - Upper Bound: 39484.375
[2024-12-18T18:46:12.150+0000] {logging_mixin.py:190} INFO - loaded after transformation successfully
[2024-12-18T18:46:12.153+0000] {python.py:240} INFO - Done. Returned value was: None
[2024-12-18T18:46:12.166+0000] {taskinstance.py:340} INFO - ::group::Post task execution logs
[2024-12-18T18:46:12.167+0000] {taskinstance.py:352} INFO - Marking task as SUCCESS. dag_id=fintech_etl_pipeline, task_id=transform, run_id=scheduled__2024-12-16T00:00:00+00:00, execution_date=20241216T000000, start_date=20241218T184604, end_date=20241218T184612
[2024-12-18T18:46:12.205+0000] {local_task_job_runner.py:266} INFO - Task exited with return code 0
[2024-12-18T18:46:12.228+0000] {taskinstance.py:3895} INFO - 1 downstream tasks scheduled from follow-on schedule check
[2024-12-18T18:46:12.231+0000] {local_task_job_runner.py:245} INFO - ::endgroup::
